[32m[2017-06-28 10:00:01.775] [INFO] BlockchainSampleClient - [39m
[32m[2017-06-28 10:00:01.777] [INFO] BlockchainSampleClient - [39m-----------------------------------------------------------------------------
[32m[2017-06-28 10:00:01.777] [INFO] BlockchainSampleClient - [39m>>> BlockchainSampleClient env local, started Wed Jun 28 2017 10:00:01 GMT+0530 (IST) <<<
[32m[2017-06-28 10:00:01.777] [INFO] BlockchainSampleClient - [39m-----------------------------------------------------------------------------
[32m[2017-06-28 10:00:01.778] [INFO] BlockchainSampleClient - [39mNode started via(process.argv): /usr/bin/nodejs,/home/risabh/nodeWorkspace/vfm/app.js
[32m[2017-06-28 10:00:01.778] [INFO] BlockchainSampleClient - [39mNode version: v6.10.3
[32m[2017-06-28 10:00:01.778] [INFO] BlockchainSampleClient - [39mNode and its dependency versions: {"http_parser":"2.7.0","node":"6.10.3","v8":"5.1.281.101","uv":"1.9.1","zlib":"1.2.11","ares":"1.10.1-DEV","icu":"56.1","modules":"48","openssl":"1.0.2k"}
[32m[2017-06-28 10:00:01.779] [INFO] BlockchainSampleClient - [39m
[32m[2017-06-28 10:00:01.779] [INFO] loggingHelper - [39mCreated logger for app.js at level ALL
[34m[2017-06-28 10:00:01.780] [TRACE] app.js - [39msetup : entry
[34m[2017-06-28 10:00:01.781] [TRACE] datastore.js - [39minit : entry 
[34m[2017-06-28 10:00:01.781] [TRACE] datastore.js - [39minit : params - {"name":"Cloudant NoSQL DB-vern","label":"cloudantNoSQLDB","plan":"Lite","credentials":{"username":"b90b86a5-1935-4b12-8926-0bfa6bb6cb3b-bluemix","password":"f9adf68c13e14099b576187a00f52c7c9917332dbaf4fa5a641caba226160e8e","host":"b90b86a5-1935-4b12-8926-0bfa6bb6cb3b-bluemix.cloudant.com","port":443,"url":"https://b90b86a5-1935-4b12-8926-0bfa6bb6cb3b-bluemix:f9adf68c13e14099b576187a00f52c7c9917332dbaf4fa5a641caba226160e8e@b90b86a5-1935-4b12-8926-0bfa6bb6cb3b-bluemix.cloudant.com"}} 
[34m[2017-06-28 10:00:01.790] [TRACE] app.js - [39mgetCloudantKeyValStore : entry 
[34m[2017-06-28 10:00:01.791] [TRACE] app.js - [39mgetCloudantKeyValStore : params - "devworks_app_master" 
[34m[2017-06-28 10:00:01.792] [TRACE] datastore.js - [39mgetDbInstance : entry 
[34m[2017-06-28 10:00:01.792] [TRACE] datastore.js - [39mgetDbInstance : params - "devworks_app_master" 
[31m[2017-06-28 10:00:02.626] [ERROR] datastore.js - [39mgetDbInstance : devworks_app_master does not exist. Creating... - {}
[34m[2017-06-28 10:00:02.832] [TRACE] blockchain_network - [39msetupBlockchain : entry 
[34m[2017-06-28 10:00:02.833] [TRACE] blockchain_network - [39msetupBlockchain : params - [Circular] 
[34m[2017-06-28 10:00:02.835] [TRACE] blockchain_network - [39mchainInit : entry 
[34m[2017-06-28 10:00:02.836] [TRACE] blockchain_network - [39mchainInit : params - [Circular] 
[32m[2017-06-28 10:00:02.839] [INFO] blockchain_network - [39mchainInit : Chain Initialized - Chain {  peers: [],  securityEnabled: true,  members: {},  tcertBatchSize: 200,  devMode: false,  preFetchMode: true,  deployWaitTime: 100,  invokeWaitTime: 5,  name: 'sc_cc',  eventHub:    EventHub {     txCallback: [Function],     chaincodeRegistrants: HashTable {},     blockRegistrants: Set {},     txRegistrants: HashTable {},     ep: null,     connected: false },  keyValStore: CloudantKeyValStore { dbName: 'devworks_app_master', dbInstance: [Object] } }
[32m[2017-06-28 10:00:02.840] [INFO] blockchain_network - [39mloadNetworkConfiguration : Successfully loaded network configuration - undefined
[34m[2017-06-28 10:00:02.933] [TRACE] blockchain_network - [39mdoLogin : entry
[34m[2017-06-28 10:00:02.944] [TRACE] kv_store_model - [39mget : entry 
[34m[2017-06-28 10:00:02.944] [TRACE] kv_store_model - [39mget : params - {"id":"member.WebAppAdmin"} 
[32m[2017-06-28 10:00:03.121] [INFO] kv_store_model - [39mget : member file with id member.WebAppAdmin does not exist - { Error: missing    at Request._callback (/home/risabh/nodeWorkspace/vfm/node_modules/cloudant-nano/lib/nano.js:248:15)    at Request.self.callback (/home/risabh/nodeWorkspace/vfm/node_modules/cloudant-nano/node_modules/request/request.js:188:22)    at emitTwo (events.js:106:13)    at Request.emit (events.js:191:7)    at Request.<anonymous> (/home/risabh/nodeWorkspace/vfm/node_modules/cloudant-nano/node_modules/request/request.js:1171:10)    at emitOne (events.js:96:13)    at Request.emit (events.js:188:7)    at IncomingMessage.<anonymous> (/home/risabh/nodeWorkspace/vfm/node_modules/cloudant-nano/node_modules/request/request.js:1091:12)    at IncomingMessage.g (events.js:292:16)    at emitNone (events.js:91:20)    at IncomingMessage.emit (events.js:185:7)    at endReadableNT (_stream_readable.js:974:12)    at _combinedTickCallback (internal/process/next_tick.js:80:11)    at process._tickCallback (internal/process/next_tick.js:104:9)  cause:    { Error: missing       at Request._callback (/home/risabh/nodeWorkspace/vfm/node_modules/cloudant-nano/lib/nano.js:248:15)       at Request.self.callback (/home/risabh/nodeWorkspace/vfm/node_modules/cloudant-nano/node_modules/request/request.js:188:22)       at emitTwo (events.js:106:13)       at Request.emit (events.js:191:7)       at Request.<anonymous> (/home/risabh/nodeWorkspace/vfm/node_modules/cloudant-nano/node_modules/request/request.js:1171:10)       at emitOne (events.js:96:13)       at Request.emit (events.js:188:7)       at IncomingMessage.<anonymous> (/home/risabh/nodeWorkspace/vfm/node_modules/cloudant-nano/node_modules/request/request.js:1091:12)       at IncomingMessage.g (events.js:292:16)       at emitNone (events.js:91:20)       at IncomingMessage.emit (events.js:185:7)       at endReadableNT (_stream_readable.js:974:12)       at _combinedTickCallback (internal/process/next_tick.js:80:11)       at process._tickCallback (internal/process/next_tick.js:104:9)     name: 'Error',     error: 'not_found',     reason: 'missing',     scope: 'couch',     statusCode: 404,     request: [Object],     headers: [Object],     errid: 'non_200',     description: 'couch returned 404' },  isOperational: true,  error: 'not_found',  reason: 'missing',  scope: 'couch',  statusCode: 404,  request:    { method: 'GET',     headers: [Object],     uri: 'https://XXXXXX:XXXXXX@b90b86a5-1935-4b12-8926-0bfa6bb6cb3b-bluemix.cloudant.com/devworks_app_master/member.WebAppAdmin' },  headers:    { 'cache-control': 'must-revalidate',     'content-type': 'application/json',     date: 'Wed, 28 Jun 2017 04:30:03 GMT',     'x-couch-request-id': 'c31867cdf3',     'x-content-type-options': 'nosniff',     'x-cloudant-backend': 'bm-cc-syd-01',     via: '1.1 lb1.bm-cc-syd-01 (Glum/1.36.1)',     'strict-transport-security': 'max-age=31536000',     statusCode: 404,     uri: 'https://XXXXXX:XXXXXX@b90b86a5-1935-4b12-8926-0bfa6bb6cb3b-bluemix.cloudant.com/devworks_app_master/member.WebAppAdmin' },  errid: 'non_200',  description: 'couch returned 404' }
[34m[2017-06-28 10:00:05.276] [TRACE] kv_store_model - [39mcreate : entry 
[34m[2017-06-28 10:00:05.276] [TRACE] kv_store_model - [39mcreate : params - {"id":"member.WebAppAdmin","data":"{\"name\":\"WebAppAdmin\",\"enrollment\":{\"key\":\"662c13ba9218ddf05a693a7c18a9ea6cb8d4d2effd232c7869c8a32b8dfe0200\",\"cert\":\"3082019f30820146a003020102020101300a06082a8648ce3d0403033029310b3009060355040613025553310c300a060355040a130349424d310c300a06035504031303656361301e170d3137303632383034323930355a170d3137303932363034323930355a3038310b3009060355040613025553310c300a060355040a130349424d311b301906035504030c1257656241707041646d696e5c67726f7570313059301306072a8648ce3d020106082a8648ce3d030107034200048335f6b301772f3af9a194df6c95a75fb61dd3cdac7860dfb846282623a3ab5cf69a4051591f6809702c634fd7135b3544e45dfa3f60787bf0ee3041929d7499a350304e300e0603551d0f0101ff040403020780300c0603551d130101ff04023000300d0603551d0e0406040401020304300f0603551d2304083006800401020304300e06065103040506070101ff040131300a06082a8648ce3d040303034700304402201f68facbe49b08ab44b101f3fcbc56e892a9ba34fb19f819cf0a26f6b2c6abe4022014a2e2a0b4d87b8ab1e5f31dfc18695e4eab8e46ae8c2581823ff893140303d8\",\"chainKey\":\"2d2d2d2d2d424547494e204543445341205055424c4943204b45592d2d2d2d2d0a4d466b77457759484b6f5a497a6a3043415159494b6f5a497a6a3044415163445167414532693371546b6d72496a516a514d43643131466e5437386a554b52650a543963704d71416a30694d43746e506370713649454c38774257656b6379702b712f2f383279464e656c5547325656484f42724c434e635459673d3d0a2d2d2d2d2d454e44204543445341205055424c4943204b45592d2d2d2d2d0a\",\"queryStateKey\":{\"type\":\"Buffer\",\"data\":[103,96,87,240,199,67,18,146,136,22,219,209,171,27,132,84,133,224,155,199,123,211,76,60]}}}"} 
[34m[2017-06-28 10:00:05.278] [TRACE] kv_store_model - [39mget : entry 
[34m[2017-06-28 10:00:05.279] [TRACE] kv_store_model - [39mget : params - {"id":"member.WebAppAdmin","executeRegular":true} 
[31m[2017-06-28 10:00:05.472] [ERROR] kv_store_model - [39mget : could not fetch member file with id member.WebAppAdmin - { Error: missing    at Request._callback (/home/risabh/nodeWorkspace/vfm/node_modules/cloudant-nano/lib/nano.js:248:15)    at Request.self.callback (/home/risabh/nodeWorkspace/vfm/node_modules/cloudant-nano/node_modules/request/request.js:188:22)    at emitTwo (events.js:106:13)    at Request.emit (events.js:191:7)    at Request.<anonymous> (/home/risabh/nodeWorkspace/vfm/node_modules/cloudant-nano/node_modules/request/request.js:1171:10)    at emitOne (events.js:96:13)    at Request.emit (events.js:188:7)    at IncomingMessage.<anonymous> (/home/risabh/nodeWorkspace/vfm/node_modules/cloudant-nano/node_modules/request/request.js:1091:12)    at IncomingMessage.g (events.js:292:16)    at emitNone (events.js:91:20)    at IncomingMessage.emit (events.js:185:7)    at endReadableNT (_stream_readable.js:974:12)    at _combinedTickCallback (internal/process/next_tick.js:80:11)    at process._tickCallback (internal/process/next_tick.js:104:9)  cause:    { Error: missing       at Request._callback (/home/risabh/nodeWorkspace/vfm/node_modules/cloudant-nano/lib/nano.js:248:15)       at Request.self.callback (/home/risabh/nodeWorkspace/vfm/node_modules/cloudant-nano/node_modules/request/request.js:188:22)       at emitTwo (events.js:106:13)       at Request.emit (events.js:191:7)       at Request.<anonymous> (/home/risabh/nodeWorkspace/vfm/node_modules/cloudant-nano/node_modules/request/request.js:1171:10)       at emitOne (events.js:96:13)       at Request.emit (events.js:188:7)       at IncomingMessage.<anonymous> (/home/risabh/nodeWorkspace/vfm/node_modules/cloudant-nano/node_modules/request/request.js:1091:12)       at IncomingMessage.g (events.js:292:16)       at emitNone (events.js:91:20)       at IncomingMessage.emit (events.js:185:7)       at endReadableNT (_stream_readable.js:974:12)       at _combinedTickCallback (internal/process/next_tick.js:80:11)       at process._tickCallback (internal/process/next_tick.js:104:9)     name: 'Error',     error: 'not_found',     reason: 'missing',     scope: 'couch',     statusCode: 404,     request: [Object],     headers: [Object],     errid: 'non_200',     description: 'couch returned 404' },  isOperational: true,  error: 'not_found',  reason: 'missing',  scope: 'couch',  statusCode: 404,  request:    { method: 'GET',     headers: [Object],     uri: 'https://XXXXXX:XXXXXX@b90b86a5-1935-4b12-8926-0bfa6bb6cb3b-bluemix.cloudant.com/devworks_app_master/member.WebAppAdmin' },  headers:    { 'cache-control': 'must-revalidate',     'content-type': 'application/json',     date: 'Wed, 28 Jun 2017 04:30:05 GMT',     'x-couch-request-id': '86fd3e767a',     'x-content-type-options': 'nosniff',     'x-cloudant-backend': 'bm-cc-syd-01',     via: '1.1 lb1.bm-cc-syd-01 (Glum/1.36.1)',     'strict-transport-security': 'max-age=31536000',     statusCode: 404,     uri: 'https://XXXXXX:XXXXXX@b90b86a5-1935-4b12-8926-0bfa6bb6cb3b-bluemix.cloudant.com/devworks_app_master/member.WebAppAdmin' },  errid: 'non_200',  description: 'couch returned 404' }
[32m[2017-06-28 10:00:05.658] [INFO] kv_store_model - [39mcreate : member file successfully created - undefined
[32m[2017-06-28 10:00:05.674] [INFO] blockchain_network - [39mdoLogin : Successfully logged in user on blockchain: WebAppAdmin - undefined
[32m[2017-06-28 10:00:05.675] [INFO] blockchain_network - [39mconfigureNetwork : Successfully enrolled registrar: WebAppAdmin - undefined
[32m[2017-06-28 10:00:05.675] [INFO] blockchain_network - [39msetupBlockchain : blockchain setup complete - undefined
[34m[2017-06-28 10:00:05.678] [TRACE] kv_store_model - [39mget : entry 
[34m[2017-06-28 10:00:05.679] [TRACE] kv_store_model - [39mget : params - {"id":"member.risabh.s"} 
[32m[2017-06-28 10:00:05.854] [INFO] kv_store_model - [39mget : member file with id member.risabh.s does not exist - { Error: missing    at Request._callback (/home/risabh/nodeWorkspace/vfm/node_modules/cloudant-nano/lib/nano.js:248:15)    at Request.self.callback (/home/risabh/nodeWorkspace/vfm/node_modules/cloudant-nano/node_modules/request/request.js:188:22)    at emitTwo (events.js:106:13)    at Request.emit (events.js:191:7)    at Request.<anonymous> (/home/risabh/nodeWorkspace/vfm/node_modules/cloudant-nano/node_modules/request/request.js:1171:10)    at emitOne (events.js:96:13)    at Request.emit (events.js:188:7)    at IncomingMessage.<anonymous> (/home/risabh/nodeWorkspace/vfm/node_modules/cloudant-nano/node_modules/request/request.js:1091:12)    at IncomingMessage.g (events.js:292:16)    at emitNone (events.js:91:20)    at IncomingMessage.emit (events.js:185:7)    at endReadableNT (_stream_readable.js:974:12)    at _combinedTickCallback (internal/process/next_tick.js:80:11)    at process._tickCallback (internal/process/next_tick.js:104:9)  cause:    { Error: missing       at Request._callback (/home/risabh/nodeWorkspace/vfm/node_modules/cloudant-nano/lib/nano.js:248:15)       at Request.self.callback (/home/risabh/nodeWorkspace/vfm/node_modules/cloudant-nano/node_modules/request/request.js:188:22)       at emitTwo (events.js:106:13)       at Request.emit (events.js:191:7)       at Request.<anonymous> (/home/risabh/nodeWorkspace/vfm/node_modules/cloudant-nano/node_modules/request/request.js:1171:10)       at emitOne (events.js:96:13)       at Request.emit (events.js:188:7)       at IncomingMessage.<anonymous> (/home/risabh/nodeWorkspace/vfm/node_modules/cloudant-nano/node_modules/request/request.js:1091:12)       at IncomingMessage.g (events.js:292:16)       at emitNone (events.js:91:20)       at IncomingMessage.emit (events.js:185:7)       at endReadableNT (_stream_readable.js:974:12)       at _combinedTickCallback (internal/process/next_tick.js:80:11)       at process._tickCallback (internal/process/next_tick.js:104:9)     name: 'Error',     error: 'not_found',     reason: 'missing',     scope: 'couch',     statusCode: 404,     request: [Object],     headers: [Object],     errid: 'non_200',     description: 'couch returned 404' },  isOperational: true,  error: 'not_found',  reason: 'missing',  scope: 'couch',  statusCode: 404,  request:    { method: 'GET',     headers: [Object],     uri: 'https://XXXXXX:XXXXXX@b90b86a5-1935-4b12-8926-0bfa6bb6cb3b-bluemix.cloudant.com/devworks_app_master/member.risabh.s' },  headers:    { 'cache-control': 'must-revalidate',     'content-type': 'application/json',     date: 'Wed, 28 Jun 2017 04:30:04 GMT',     'x-couch-request-id': '2fbc804b8e',     'x-content-type-options': 'nosniff',     'x-cloudant-backend': 'bm-cc-syd-01',     via: '1.1 lb1.bm-cc-syd-01 (Glum/1.36.1)',     'strict-transport-security': 'max-age=31536000',     statusCode: 404,     uri: 'https://XXXXXX:XXXXXX@b90b86a5-1935-4b12-8926-0bfa6bb6cb3b-bluemix.cloudant.com/devworks_app_master/member.risabh.s' },  errid: 'non_200',  description: 'couch returned 404' }
[34m[2017-06-28 10:00:07.210] [TRACE] kv_store_model - [39mcreate : entry 
[34m[2017-06-28 10:00:07.211] [TRACE] kv_store_model - [39mcreate : params - {"id":"member.risabh.s","data":"{\"name\":\"risabh.s\",\"enrollmentSecret\":\"GeeDDWRvFrgR\"}"} 
[34m[2017-06-28 10:00:07.212] [TRACE] kv_store_model - [39mget : entry 
[34m[2017-06-28 10:00:07.213] [TRACE] kv_store_model - [39mget : params - {"id":"member.risabh.s","executeRegular":true} 
[31m[2017-06-28 10:00:07.396] [ERROR] kv_store_model - [39mget : could not fetch member file with id member.risabh.s - { Error: missing    at Request._callback (/home/risabh/nodeWorkspace/vfm/node_modules/cloudant-nano/lib/nano.js:248:15)    at Request.self.callback (/home/risabh/nodeWorkspace/vfm/node_modules/cloudant-nano/node_modules/request/request.js:188:22)    at emitTwo (events.js:106:13)    at Request.emit (events.js:191:7)    at Request.<anonymous> (/home/risabh/nodeWorkspace/vfm/node_modules/cloudant-nano/node_modules/request/request.js:1171:10)    at emitOne (events.js:96:13)    at Request.emit (events.js:188:7)    at IncomingMessage.<anonymous> (/home/risabh/nodeWorkspace/vfm/node_modules/cloudant-nano/node_modules/request/request.js:1091:12)    at IncomingMessage.g (events.js:292:16)    at emitNone (events.js:91:20)    at IncomingMessage.emit (events.js:185:7)    at endReadableNT (_stream_readable.js:974:12)    at _combinedTickCallback (internal/process/next_tick.js:80:11)    at process._tickCallback (internal/process/next_tick.js:104:9)  cause:    { Error: missing       at Request._callback (/home/risabh/nodeWorkspace/vfm/node_modules/cloudant-nano/lib/nano.js:248:15)       at Request.self.callback (/home/risabh/nodeWorkspace/vfm/node_modules/cloudant-nano/node_modules/request/request.js:188:22)       at emitTwo (events.js:106:13)       at Request.emit (events.js:191:7)       at Request.<anonymous> (/home/risabh/nodeWorkspace/vfm/node_modules/cloudant-nano/node_modules/request/request.js:1171:10)       at emitOne (events.js:96:13)       at Request.emit (events.js:188:7)       at IncomingMessage.<anonymous> (/home/risabh/nodeWorkspace/vfm/node_modules/cloudant-nano/node_modules/request/request.js:1091:12)       at IncomingMessage.g (events.js:292:16)       at emitNone (events.js:91:20)       at IncomingMessage.emit (events.js:185:7)       at endReadableNT (_stream_readable.js:974:12)       at _combinedTickCallback (internal/process/next_tick.js:80:11)       at process._tickCallback (internal/process/next_tick.js:104:9)     name: 'Error',     error: 'not_found',     reason: 'missing',     scope: 'couch',     statusCode: 404,     request: [Object],     headers: [Object],     errid: 'non_200',     description: 'couch returned 404' },  isOperational: true,  error: 'not_found',  reason: 'missing',  scope: 'couch',  statusCode: 404,  request:    { method: 'GET',     headers: [Object],     uri: 'https://XXXXXX:XXXXXX@b90b86a5-1935-4b12-8926-0bfa6bb6cb3b-bluemix.cloudant.com/devworks_app_master/member.risabh.s' },  headers:    { 'cache-control': 'must-revalidate',     'content-type': 'application/json',     date: 'Wed, 28 Jun 2017 04:30:07 GMT',     'x-couch-request-id': '5a71705f13',     'x-content-type-options': 'nosniff',     'x-cloudant-backend': 'bm-cc-syd-01',     via: '1.1 lb1.bm-cc-syd-01 (Glum/1.36.1)',     'strict-transport-security': 'max-age=31536000',     statusCode: 404,     uri: 'https://XXXXXX:XXXXXX@b90b86a5-1935-4b12-8926-0bfa6bb6cb3b-bluemix.cloudant.com/devworks_app_master/member.risabh.s' },  errid: 'non_200',  description: 'couch returned 404' }
[32m[2017-06-28 10:00:07.581] [INFO] kv_store_model - [39mcreate : member file successfully created - undefined
[32m[2017-06-28 10:00:07.583] [INFO] blockchain_sdk - [39mregisterUser : Successfully registered user on blockchain: risabh.s - undefined
[34m[2017-06-28 10:00:07.585] [TRACE] blockchain_sdk - [39mdoLogin : entry
[34m[2017-06-28 10:00:08.312] [TRACE] kv_store_model - [39mcreate : entry 
[34m[2017-06-28 10:00:08.312] [TRACE] kv_store_model - [39mcreate : params - {"id":"member.risabh.s","data":"{\"name\":\"risabh.s\",\"enrollmentSecret\":\"GeeDDWRvFrgR\",\"enrollment\":{\"key\":\"3b635b2ec67f595bf0ac823f583190c47a8a04c72850e06a737edbb5bfdddfd8\",\"cert\":\"3082019e30820143a003020102020101300a06082a8648ce3d0403033029310b3009060355040613025553310c300a060355040a130349424d310c300a06035504031303656361301e170d3137303632383034323930385a170d3137303932363034323930385a3035310b3009060355040613025553310c300a060355040a130349424d3118301606035504030c0f7269736162682e735c67726f7570313059301306072a8648ce3d020106082a8648ce3d030107034200043c3df0ec8af5e5c37006b5b5af38a2ee7566ba0cfa6886cfbf8de3c2d3cd34f9f82ea7287f0f207389d4bd54553a958c30e1433497c9300b49f61f228d452a5ba350304e300e0603551d0f0101ff040403020780300c0603551d130101ff04023000300d0603551d0e0406040401020304300f0603551d2304083006800401020304300e06065103040506070101ff040131300a06082a8648ce3d0403030349003046022100c6ff94456d79e225e774da618b3cc8b4a71329c9b47f3eb29d925b3ca8fba013022100876a08cd80b0d9c121578331cd973722e29ccf7f98ada86dc9d70cffac3fb13f\",\"chainKey\":\"2d2d2d2d2d424547494e204543445341205055424c4943204b45592d2d2d2d2d0a4d466b77457759484b6f5a497a6a3043415159494b6f5a497a6a3044415163445167414532693371546b6d72496a516a514d43643131466e5437386a554b52650a543963704d71416a30694d43746e506370713649454c38774257656b6379702b712f2f383279464e656c5547325656484f42724c434e635459673d3d0a2d2d2d2d2d454e44204543445341205055424c4943204b45592d2d2d2d2d0a\",\"queryStateKey\":{\"type\":\"Buffer\",\"data\":[234,173,121,161,13,44,143,81,1,232,118,115,61,131,254,3,88,93,98,142,27,180,81,54]}}}"} 
[34m[2017-06-28 10:00:08.313] [TRACE] kv_store_model - [39mget : entry 
[34m[2017-06-28 10:00:08.314] [TRACE] kv_store_model - [39mget : params - {"id":"member.risabh.s","executeRegular":true} 
[32m[2017-06-28 10:00:08.500] [INFO] kv_store_model - [39mget : successfully fetched member file with id member.risabh.s - undefined
[32m[2017-06-28 10:00:08.682] [INFO] kv_store_model - [39mcreate : member file successfully created - undefined
[32m[2017-06-28 10:02:54.567] [INFO] BlockchainSampleClient - [39m
[32m[2017-06-28 10:02:54.569] [INFO] BlockchainSampleClient - [39m-----------------------------------------------------------------------------
[32m[2017-06-28 10:02:54.570] [INFO] BlockchainSampleClient - [39m>>> BlockchainSampleClient env local, started Wed Jun 28 2017 10:02:54 GMT+0530 (IST) <<<
[32m[2017-06-28 10:02:54.570] [INFO] BlockchainSampleClient - [39m-----------------------------------------------------------------------------
[32m[2017-06-28 10:02:54.571] [INFO] BlockchainSampleClient - [39mNode started via(process.argv): /usr/bin/nodejs,/home/risabh/nodeWorkspace/vfm/app.js
[32m[2017-06-28 10:02:54.571] [INFO] BlockchainSampleClient - [39mNode version: v6.10.3
[32m[2017-06-28 10:02:54.571] [INFO] BlockchainSampleClient - [39mNode and its dependency versions: {"http_parser":"2.7.0","node":"6.10.3","v8":"5.1.281.101","uv":"1.9.1","zlib":"1.2.11","ares":"1.10.1-DEV","icu":"56.1","modules":"48","openssl":"1.0.2k"}
[32m[2017-06-28 10:02:54.572] [INFO] BlockchainSampleClient - [39m
[32m[2017-06-28 10:02:54.572] [INFO] loggingHelper - [39mCreated logger for app.js at level ALL
[34m[2017-06-28 10:02:54.573] [TRACE] app.js - [39msetup : entry
[34m[2017-06-28 10:02:54.573] [TRACE] datastore.js - [39minit : entry 
[34m[2017-06-28 10:02:54.573] [TRACE] datastore.js - [39minit : params - {"name":"Cloudant NoSQL DB-vern","label":"cloudantNoSQLDB","plan":"Lite","credentials":{"username":"b90b86a5-1935-4b12-8926-0bfa6bb6cb3b-bluemix","password":"f9adf68c13e14099b576187a00f52c7c9917332dbaf4fa5a641caba226160e8e","host":"b90b86a5-1935-4b12-8926-0bfa6bb6cb3b-bluemix.cloudant.com","port":443,"url":"https://b90b86a5-1935-4b12-8926-0bfa6bb6cb3b-bluemix:f9adf68c13e14099b576187a00f52c7c9917332dbaf4fa5a641caba226160e8e@b90b86a5-1935-4b12-8926-0bfa6bb6cb3b-bluemix.cloudant.com"}} 
[34m[2017-06-28 10:02:54.580] [TRACE] app.js - [39mgetCloudantKeyValStore : entry 
[34m[2017-06-28 10:02:54.580] [TRACE] app.js - [39mgetCloudantKeyValStore : params - "devworks_app_master" 
[34m[2017-06-28 10:02:54.581] [TRACE] datastore.js - [39mgetDbInstance : entry 
[34m[2017-06-28 10:02:54.581] [TRACE] datastore.js - [39mgetDbInstance : params - "devworks_app_master" 
[32m[2017-06-28 10:02:55.381] [INFO] datastore.js - [39mgetDbInstance : devworks_app_master already exists. - undefined
[34m[2017-06-28 10:02:55.385] [TRACE] blockchain_network - [39msetupBlockchain : entry 
[34m[2017-06-28 10:02:55.385] [TRACE] blockchain_network - [39msetupBlockchain : params - [Circular] 
[34m[2017-06-28 10:02:55.386] [TRACE] blockchain_network - [39mchainInit : entry 
[34m[2017-06-28 10:02:55.387] [TRACE] blockchain_network - [39mchainInit : params - [Circular] 
[32m[2017-06-28 10:02:55.391] [INFO] blockchain_network - [39mchainInit : Chain Initialized - Chain {  peers: [],  securityEnabled: true,  members: {},  tcertBatchSize: 200,  devMode: false,  preFetchMode: true,  deployWaitTime: 100,  invokeWaitTime: 5,  name: 'sc_cc',  eventHub:    EventHub {     txCallback: [Function],     chaincodeRegistrants: HashTable {},     blockRegistrants: Set {},     txRegistrants: HashTable {},     ep: null,     connected: false },  keyValStore: CloudantKeyValStore { dbName: 'devworks_app_master', dbInstance: [Object] } }
[32m[2017-06-28 10:02:55.392] [INFO] blockchain_network - [39mloadNetworkConfiguration : Successfully loaded network configuration - undefined
[34m[2017-06-28 10:02:55.480] [TRACE] blockchain_network - [39mdoLogin : entry
[34m[2017-06-28 10:02:55.491] [TRACE] kv_store_model - [39mget : entry 
[34m[2017-06-28 10:02:55.492] [TRACE] kv_store_model - [39mget : params - {"id":"member.WebAppAdmin"} 
[32m[2017-06-28 10:02:55.682] [INFO] kv_store_model - [39mget : successfully fetched member file with id member.WebAppAdmin - undefined
[32m[2017-06-28 10:02:55.693] [INFO] blockchain_network - [39mdoLogin : Successfully logged in user on blockchain: WebAppAdmin - undefined
[32m[2017-06-28 10:02:55.693] [INFO] blockchain_network - [39mconfigureNetwork : Successfully enrolled registrar: WebAppAdmin - undefined
[32m[2017-06-28 10:02:55.694] [INFO] blockchain_network - [39msetupBlockchain : blockchain setup complete - undefined
[34m[2017-06-28 10:02:55.696] [TRACE] kv_store_model - [39mget : entry 
[34m[2017-06-28 10:02:55.697] [TRACE] kv_store_model - [39mget : params - {"id":"member.risabh.s"} 
[32m[2017-06-28 10:02:55.870] [INFO] kv_store_model - [39mget : successfully fetched member file with id member.risabh.s - undefined
[32m[2017-06-28 10:02:55.883] [INFO] blockchain_sdk - [39mregisterUser : Successfully registered user on blockchain: risabh.s - undefined
[34m[2017-06-28 10:02:55.884] [TRACE] blockchain_sdk - [39mdoLogin : entry
[32m[2017-06-28 10:02:55.888] [INFO] blockchain_sdk - [39mdoLogin : Successfully logged in user on blockchain: risabh.s - undefined
[32m[2017-06-28 10:02:55.888] [INFO] console - [39mserver is running on8081
